2013-06-08 19:41:55,449 - INFO - Main animation event
2013-06-08 19:41:55,450 - INFO - Main animation event
2013-06-08 19:41:55,480 - INFO - Main animation event
2013-06-08 19:41:56,480 - INFO - Main animation event
2013-06-08 19:41:56,482 - INFO - Main animation event
2013-06-08 19:41:57,449 - INFO - Main animation event
2013-06-08 19:41:57,481 - INFO - Main animation event
2013-06-08 19:41:58,450 - INFO - Main animation event
2013-06-08 19:41:59,450 - INFO - Main animation event
2013-06-08 19:42:00,449 - INFO - Main animation event
2013-06-08 19:42:00,480 - INFO - Main animation event
2013-06-08 19:42:00,482 - INFO - Main animation event
2013-06-08 19:42:01,302 - INFO - Event animation started
2013-06-08 19:42:01,336 - INFO - Event animation started
2013-06-08 19:42:01,449 - INFO - Main animation event
2013-06-08 19:42:01,505 - INFO - Event animation started
2013-06-08 19:42:01,537 - INFO - Event animation started
2013-06-08 19:42:02,267 - INFO - Event animation started
2013-06-08 19:42:02,295 - INFO - Event animation started
2013-06-08 19:42:02,450 - INFO - Main animation event
2013-06-08 19:42:02,467 - INFO - Event animation started
2013-06-08 19:42:02,481 - INFO - Main animation event
2013-06-08 19:42:02,501 - INFO - Event animation started
2013-06-08 19:42:03,042 - INFO - Event animation started
2013-06-08 19:42:03,073 - INFO - Event animation started
2013-06-08 19:42:03,242 - INFO - Event animation started
2013-06-08 19:42:03,274 - INFO - Event animation started
2013-06-08 19:42:03,450 - INFO - Main animation event
2013-06-08 19:42:03,482 - INFO - Main animation event
2013-06-08 19:42:04,450 - INFO - Main animation event
2013-06-08 19:42:04,480 - INFO - Main animation event
2013-06-08 19:42:04,482 - INFO - Main animation event
2013-06-08 19:42:04,580 - INFO - 1- Client applied latency: 0
2013-06-08 19:42:04,625 - INFO - 1- Client applied latency: 2
2013-06-08 19:42:04,627 - INFO - 1- Client applied latency: 29
2013-06-08 19:42:04,725 - INFO - 2- Client applied latency: 0
2013-06-08 19:42:04,728 - INFO - 2- Client applied latency: 0
2013-06-08 19:42:05,382 - INFO - 2- Main animation event
2013-06-08 19:42:05,383 - INFO - 1- Main animation event
2013-06-08 19:42:06,373 - INFO - 1- Client applied latency: 29
2013-06-08 19:42:06,381 - INFO - 1- Main animation event
2013-06-08 19:42:06,382 - INFO - 2- Main animation event
2013-06-08 19:42:06,466 - INFO - 2- Client applied latency: 0
2013-06-08 19:42:06,983 - INFO - 1- Client applied latency: 28
2013-06-08 19:42:07,072 - INFO - 2- Client applied latency: 0
2013-06-08 19:42:07,381 - INFO - 1- Main animation event
2013-06-08 19:42:07,381 - INFO - 2- Main animation event
2013-06-08 19:42:08,382 - INFO - 2- Main animation event
2013-06-08 19:42:08,384 - INFO - 2- Event animation started
2013-06-08 19:42:08,385 - INFO - 1- Event animation started
2013-06-08 19:42:08,584 - INFO - 2- Event animation started
2013-06-08 19:42:08,585 - INFO - 1- Event animation started
2013-06-08 19:42:09,045 - INFO - 1- Event animation started
2013-06-08 19:42:09,050 - INFO - 2- Event animation started
2013-06-08 19:42:09,245 - INFO - 1- Event animation started
2013-06-08 19:42:09,248 - INFO - 2- Event animation started
2013-06-08 19:42:09,381 - INFO - 1- Main animation event
2013-06-08 19:42:09,381 - INFO - 2- Main animation event
2013-06-08 19:42:09,687 - INFO - 1- Event animation started
2013-06-08 19:42:09,691 - INFO - 2- Event animation started
2013-06-08 19:42:09,888 - INFO - 1- Event animation started
2013-06-08 19:42:09,894 - INFO - 2- Event animation started
2013-06-08 19:42:10,381 - INFO - 1- Main animation event
2013-06-08 19:42:10,382 - INFO - 2- Main animation event
2013-06-08 19:42:10,419 - INFO - 1- Event animation started
2013-06-08 19:42:10,420 - INFO - 2- Event animation started
2013-06-08 19:42:10,621 - INFO - 2- Event animation started
2013-06-08 19:42:10,622 - INFO - 1- Event animation started
2013-06-08 19:42:11,381 - INFO - 2- Main animation event
2013-06-08 19:42:11,382 - INFO - 1- Main animation event
2013-06-08 19:42:13,381 - INFO - 1- Main animation event
2013-06-08 19:42:13,382 - INFO - 2- Main animation event
2013-06-08 19:42:14,382 - INFO - 2- Main animation event
2013-06-08 19:42:14,382 - INFO - 1- Main animation event
2013-06-08 19:42:15,381 - INFO - 2- Main animation event
2013-10-19 16:41:41,144 - INFO - Main animation event
2013-10-19 16:41:41,146 - INFO - Main animation event
2013-10-19 16:41:42,144 - INFO - Main animation event
2013-10-19 16:41:42,145 - INFO - Main animation event
2013-10-19 18:34:41,765 - INFO - Main animation event
2013-10-19 18:34:42,764 - INFO - Main animation event
2013-10-19 18:34:42,765 - INFO - Main animation event
2013-10-19 18:34:43,764 - INFO - Main animation event
2013-10-19 18:34:44,764 - INFO - Main animation event
2013-10-19 18:34:45,765 - INFO - Main animation event
2013-10-19 18:35:11,908 - INFO - Main animation event
2013-10-19 18:35:11,909 - INFO - Main animation event
2013-10-19 18:35:11,910 - INFO - Main animation event
2013-10-19 18:35:12,908 - INFO - Main animation event
2013-10-19 18:35:12,909 - INFO - Main animation event
2013-10-19 18:35:13,908 - INFO - Main animation event
2013-10-19 18:35:13,909 - INFO - Main animation event
2013-10-19 18:35:14,908 - INFO - Main animation event
2013-10-19 18:35:14,909 - INFO - Main animation event
2013-10-19 18:37:28,543 - INFO - Main animation event
2013-10-19 18:37:28,544 - INFO - Main animation event
2013-10-19 18:37:29,543 - INFO - Main animation event
2013-10-19 18:37:29,544 - INFO - Main animation event
2013-10-19 18:37:29,545 - INFO - Main animation event
2013-10-19 18:37:30,543 - INFO - Main animation event
2013-10-19 18:37:30,545 - INFO - Main animation event
2013-10-19 18:37:31,543 - INFO - Main animation event
2013-10-19 18:37:31,544 - INFO - Main animation event
2013-10-19 18:37:32,543 - INFO - Main animation event
2013-10-19 18:37:32,544 - INFO - Main animation event
2013-10-19 18:37:32,545 - INFO - Main animation event
2013-10-19 18:37:33,543 - INFO - Main animation event
2013-10-19 18:37:33,544 - INFO - Main animation event
2013-10-19 18:37:33,545 - INFO - Main animation event
2013-10-19 18:37:34,543 - INFO - Main animation event
2013-10-19 18:37:34,544 - INFO - Main animation event
2013-10-19 18:37:35,544 - INFO - Main animation event
2013-10-19 18:37:35,545 - INFO - Main animation event
2013-10-19 18:37:36,544 - INFO - Main animation event
2013-10-19 18:37:36,545 - INFO - Main animation event
2013-10-19 18:39:50,937 - INFO - Main animation event
2013-10-19 18:39:50,938 - INFO - Main animation event
2013-10-19 18:39:51,937 - INFO - Main animation event
2013-10-19 18:39:51,939 - INFO - Main animation event
2013-10-19 18:39:52,937 - INFO - Main animation event
2013-10-19 18:39:52,939 - INFO - Main animation event
2013-10-19 18:39:53,937 - INFO - Main animation event
2013-10-19 18:39:53,939 - INFO - Main animation event
2013-10-19 18:39:54,937 - INFO - Main animation event
2013-10-19 18:39:54,939 - INFO - Main animation event
2013-10-19 18:39:55,937 - INFO - Main animation event
2013-10-19 18:39:55,939 - INFO - Main animation event
2013-10-19 18:39:56,937 - INFO - Main animation event
2013-10-19 18:39:57,937 - INFO - Main animation event
2013-10-19 18:39:57,938 - INFO - Main animation event
2013-10-19 18:39:58,937 - INFO - Main animation event
2013-10-19 18:39:58,938 - INFO - Main animation event
2013-10-19 18:39:58,939 - INFO - Main animation event
2013-10-19 18:39:59,938 - INFO - Main animation event
2013-10-19 18:40:00,937 - INFO - Main animation event
2013-10-19 18:40:00,939 - INFO - Main animation event
2013-10-19 18:40:01,938 - INFO - Main animation event
2013-10-19 18:40:01,939 - INFO - Main animation event
2013-10-19 18:40:02,937 - INFO - Main animation event
2013-10-19 18:40:02,938 - INFO - Main animation event
2013-10-19 18:40:03,937 - INFO - Main animation event
2013-10-19 18:40:03,938 - INFO - Main animation event
2013-10-19 18:40:04,937 - INFO - Main animation event
2013-10-19 18:40:04,939 - INFO - Main animation event
2013-10-19 18:40:05,938 - INFO - Main animation event
2013-10-19 18:40:05,939 - INFO - Main animation event
2013-10-19 18:40:06,937 - INFO - Main animation event
2013-10-19 18:40:06,938 - INFO - Main animation event
2013-10-19 18:40:07,937 - INFO - Main animation event
2013-10-19 18:40:07,938 - INFO - Main animation event
2013-10-19 18:42:26,480 - INFO - Main animation event
2013-10-19 18:42:26,481 - INFO - Main animation event
2013-10-19 18:42:27,479 - INFO - Main animation event
2013-10-19 18:42:27,481 - INFO - Main animation event
2013-10-19 18:42:28,480 - INFO - Main animation event
2013-10-19 18:42:29,479 - INFO - Main animation event
2013-10-19 18:42:29,480 - INFO - Main animation event
2013-10-19 18:42:30,479 - INFO - Main animation event
2013-10-19 18:42:30,480 - INFO - Main animation event
2013-10-19 18:42:31,479 - INFO - Main animation event
2013-10-19 18:42:31,480 - INFO - Main animation event
2013-10-19 18:42:32,480 - INFO - Main animation event
2013-10-19 18:42:33,479 - INFO - Main animation event
2013-10-19 18:42:33,481 - INFO - Main animation event
2013-10-19 18:42:34,480 - INFO - Main animation event
2013-10-19 18:42:34,481 - INFO - Main animation event
2013-10-19 18:42:35,479 - INFO - Main animation event
2013-10-19 18:42:35,481 - INFO - Main animation event
2013-10-19 18:44:09,627 - INFO - Main animation event
2013-10-19 18:44:10,627 - INFO - Main animation event
2013-10-19 18:44:11,627 - INFO - Main animation event
2013-10-19 18:44:12,626 - INFO - Main animation event
2013-10-19 18:44:13,626 - INFO - Main animation event
